<?xml version="1.0" encoding="UTF-8"?>
<testsuite xmlns:xsi="http://www.w3.org/2001/XMLSchema-instance" xsi:noNamespaceSchemaLocation="https://maven.apache.org/surefire/maven-surefire-plugin/xsd/surefire-test-report.xsd" name="com.coindispenser.CoinDispenserApplicationTests" time="6.417" tests="4" errors="0" skipped="0" failures="0">
  <properties>
[...]
</properties>
  <testcase name="getCoinChange_incorrectInputAmount" classname="com.coindispenser.CoinDispenserApplicationTests" time="1.182"/>
  <testcase name="getCoinChange_success" classname="com.coindispenser.CoinDispenserApplicationTests" time="0.076"/>
  <testcase name="getCoinChange_notComaSepartedConeDenomination" classname="com.coindispenser.CoinDispenserApplicationTests" time="0.036"/>
  <testcase name="getCoinChange_blankConeDenomination" classname="com.coindispenser.CoinDispenserApplicationTests" time="0.022"/>
</testsuite>